---------------------------- PROCESS STARTED (31914) for package com.bose.meta.browser ----------------------------
2024-08-24 16:47:10.154 31914-31914 chromium                com.bose.meta.browser                I  [INFO:render_view_host_impl.cc(382)] [RENDER] << GetWebkitPrefs !!!!!!!!!!!!!!!!!!!!!!!!!!!!!!!!!!!!!!!!!!!!!!!
2024-08-24 16:47:10.217 31914-31914 chromium                com.bose.meta.browser                I  [INFO:render_view_host_impl.cc(382)] [RENDER] << GetWebkitPrefs !!!!!!!!!!!!!!!!!!!!!!!!!!!!!!!!!!!!!!!!!!!!!!!
2024-08-24 16:47:10.225 32109-32155 chromium                pid-32109                            I  [INFO:render_thread_impl.cc(766)] [RENDER] RenderThreadImpl::Init
2024-08-24 16:47:10.225 32109-32155 chromium                pid-32109                            I  [INFO:render_thread_impl.cc(785)] [RENDER] Init  ChildProcess set_main_thread ..
2024-08-24 16:47:10.242 32109-32155 chromium                pid-32109                            I  [INFO:render_thread_impl.cc(798)] [RENDER] Init gpu_ Gpu::Create completed
2024-08-24 16:47:10.242 32109-32155 chromium                pid-32109                            I  [INFO:render_thread_impl.cc(1281)] [RENDER] ::InitializeWebkit  call blink::Initialize !!
2024-08-24 16:47:10.243 32109-32155 chromium                pid-32109                            I  [INFO:language.cc(62)] [RENDER][BLINK] InitializePlatformLanguage, check IsMainThread :1
2024-08-24 16:47:10.251 32109-32155 chromium                pid-32109                            I  [INFO:render_thread_impl.cc(1283)] [RENDER] ::InitializeWebkit blink Initialize complete
2024-08-24 16:47:10.252 32109-32155 chromium                pid-32109                            I  [INFO:render_thread_impl.cc(1287)] [RENDER] ::InitializeWebkit v8::isolate  pre initial 
2024-08-24 16:47:10.252 32109-32155 chromium                pid-32109                            I  [INFO:render_thread_impl.cc(1244)] [RENDER] InitializeCompositorThread create compositorThread for blink::scheduler
---------------------------- PROCESS STARTED (32125) for package com.bose.meta.browser ----------------------------
---------------------------- PROCESS STARTED (32167) for package com.bose.meta.browser ----------------------------
2024-08-24 16:47:11.017 31914-31914 chromium                com.bose.meta.browser                I  [INFO:render_view_host_impl.cc(382)] [RENDER] << GetWebkitPrefs !!!!!!!!!!!!!!!!!!!!!!!!!!!!!!!!!!!!!!!!!!!!!!!
2024-08-24 16:47:11.017 31914-31914 chromium                com.bose.meta.browser                I  [INFO:render_view_host_impl.cc(382)] [RENDER] << GetWebkitPrefs !!!!!!!!!!!!!!!!!!!!!!!!!!!!!!!!!!!!!!!!!!!!!!!
2024-08-24 16:47:11.017 31914-31914 chromium                com.bose.meta.browser                I  [INFO:render_view_host_impl.cc(382)] [RENDER] << GetWebkitPrefs !!!!!!!!!!!!!!!!!!!!!!!!!!!!!!!!!!!!!!!!!!!!!!!
2024-08-24 16:47:11.017 31914-31914 chromium                com.bose.meta.browser                I  [INFO:render_view_host_impl.cc(382)] [RENDER] << GetWebkitPrefs !!!!!!!!!!!!!!!!!!!!!!!!!!!!!!!!!!!!!!!!!!!!!!!
2024-08-24 16:47:11.038 31914-31914 chromium                com.bose.meta.browser                I  [INFO:render_frame_host_manager.cc(711)] [RENDER] OndidStopLoading ... nofity use FrameMsg_DisStopLoading
2024-08-24 16:47:11.079 32167-32202 chromium                com.bose.meta.browser                I  [INFO:render_thread_impl.cc(766)] [RENDER] RenderThreadImpl::Init
2024-08-24 16:47:11.079 32167-32202 chromium                com.bose.meta.browser                I  [INFO:render_thread_impl.cc(785)] [RENDER] Init  ChildProcess set_main_thread ..
2024-08-24 16:47:11.079 32167-32202 chromium                com.bose.meta.browser                I  [INFO:render_thread_impl.cc(798)] [RENDER] Init gpu_ Gpu::Create completed
2024-08-24 16:47:11.079 32167-32202 chromium                com.bose.meta.browser                I  [INFO:render_thread_impl.cc(1281)] [RENDER] ::InitializeWebkit  call blink::Initialize !!
2024-08-24 16:47:11.081 32167-32202 chromium                com.bose.meta.browser                I  [INFO:language.cc(62)] [RENDER][BLINK] InitializePlatformLanguage, check IsMainThread :1
2024-08-24 16:47:11.086 32167-32202 chromium                com.bose.meta.browser                I  [INFO:render_thread_impl.cc(1283)] [RENDER] ::InitializeWebkit blink Initialize complete
2024-08-24 16:47:11.087 32167-32202 chromium                com.bose.meta.browser                I  [INFO:render_thread_impl.cc(1287)] [RENDER] ::InitializeWebkit v8::isolate  pre initial 
2024-08-24 16:47:11.087 32167-32202 chromium                com.bose.meta.browser                I  [INFO:render_thread_impl.cc(1244)] [RENDER] InitializeCompositorThread create compositorThread for blink::scheduler
2024-08-24 16:47:11.268 32307-32327 chromium                pid-32307                            I  [INFO:language.cc(62)] [RENDER][BLINK] InitializePlatformLanguage, check IsMainThread :1
2024-08-24 16:47:11.795 32338-32355 chromium                pid-32338                            I  [INFO:render_thread_impl.cc(766)] [RENDER] RenderThreadImpl::Init
2024-08-24 16:47:11.795 32338-32355 chromium                pid-32338                            I  [INFO:render_thread_impl.cc(785)] [RENDER] Init  ChildProcess set_main_thread ..
2024-08-24 16:47:11.795 32338-32355 chromium                pid-32338                            I  [INFO:render_thread_impl.cc(798)] [RENDER] Init gpu_ Gpu::Create completed
2024-08-24 16:47:11.796 32338-32355 chromium                pid-32338                            I  [INFO:render_thread_impl.cc(1281)] [RENDER] ::InitializeWebkit  call blink::Initialize !!
2024-08-24 16:47:11.796 32338-32355 chromium                pid-32338                            I  [INFO:language.cc(62)] [RENDER][BLINK] InitializePlatformLanguage, check IsMainThread :1
2024-08-24 16:47:11.802 32338-32355 chromium                pid-32338                            I  [INFO:render_thread_impl.cc(1283)] [RENDER] ::InitializeWebkit blink Initialize complete
2024-08-24 16:47:11.803 32338-32355 chromium                pid-32338                            I  [INFO:render_thread_impl.cc(1287)] [RENDER] ::InitializeWebkit v8::isolate  pre initial 
2024-08-24 16:47:11.803 32338-32355 chromium                pid-32338                            I  [INFO:render_thread_impl.cc(1244)] [RENDER] InitializeCompositorThread create compositorThread for blink::scheduler
2024-08-24 16:47:11.878 31914-31914 chromium                com.bose.meta.browser                I  [INFO:render_frame_host_manager.cc(711)] [RENDER] OndidStopLoading ... nofity use FrameMsg_DisStopLoading
---------------------------- PROCESS STARTED (32307) for package com.bose.meta.browser ----------------------------
---------------------------- PROCESS ENDED (32167) for package com.bose.meta.browser ----------------------------
2024-08-24 16:47:13.181 31914-31914 chromium                com.bose.meta.browser                I  [INFO:render_view_host_impl.cc(382)] [RENDER] << GetWebkitPrefs !!!!!!!!!!!!!!!!!!!!!!!!!!!!!!!!!!!!!!!!!!!!!!!
2024-08-24 16:47:13.303 32383-32401 chromium                pid-32383                            I  [INFO:render_thread_impl.cc(766)] [RENDER] RenderThreadImpl::Init
2024-08-24 16:47:13.303 32383-32401 chromium                pid-32383                            I  [INFO:render_thread_impl.cc(785)] [RENDER] Init  ChildProcess set_main_thread ..
2024-08-24 16:47:13.303 32383-32401 chromium                pid-32383                            I  [INFO:render_thread_impl.cc(798)] [RENDER] Init gpu_ Gpu::Create completed
2024-08-24 16:47:13.304 32383-32401 chromium                pid-32383                            I  [INFO:render_thread_impl.cc(1281)] [RENDER] ::InitializeWebkit  call blink::Initialize !!
2024-08-24 16:47:13.304 32383-32401 chromium                pid-32383                            I  [INFO:language.cc(62)] [RENDER][BLINK] InitializePlatformLanguage, check IsMainThread :1
2024-08-24 16:47:13.337 32383-32401 chromium                pid-32383                            I  [INFO:render_thread_impl.cc(1283)] [RENDER] ::InitializeWebkit blink Initialize complete
2024-08-24 16:47:13.338 32383-32401 chromium                pid-32383                            I  [INFO:render_thread_impl.cc(1287)] [RENDER] ::InitializeWebkit v8::isolate  pre initial 
2024-08-24 16:47:13.338 32383-32401 chromium                pid-32383                            I  [INFO:render_thread_impl.cc(1244)] [RENDER] InitializeCompositorThread create compositorThread for blink::scheduler
2024-08-24 16:47:13.363 31914-31914 chromium                com.bose.meta.browser                I  [INFO:render_frame_host_manager.cc(711)] [RENDER] OndidStopLoading ... nofity use FrameMsg_DisStopLoading
